<?xml version="1.0" encoding="UTF-8"?>
<testng-results ignored="0" total="1" passed="1" failed="0" skipped="0">
  <reporter-output>
  </reporter-output>
  <suite started-at="2022-11-07T19:29:06 IST" name="Default suite" finished-at="2022-11-07T19:31:05 IST" duration-ms="119893">
    <groups>
    </groups>
    <test started-at="2022-11-07T19:29:06 IST" name="Default test" finished-at="2022-11-07T19:31:05 IST" duration-ms="119893">
      <class name="com.hrmanangement.testcases.AllScenarioRunTest">
        <test-method is-config="true" signature="loadConfig()[pri:0, instance:com.hrmanangement.testcases.AllScenarioRunTest@2177849e]" started-at="2022-11-07T19:29:05 IST" name="loadConfig" finished-at="2022-11-07T19:29:06 IST" duration-ms="398" status="PASS">
          <reporter-output>
          </reporter-output>
        </test-method> <!-- loadConfig -->
        <test-method is-config="true" signature="setup()[pri:0, instance:com.hrmanangement.testcases.AllScenarioRunTest@2177849e]" started-at="2022-11-07T19:29:06 IST" name="setup" finished-at="2022-11-07T19:29:16 IST" duration-ms="9858" status="PASS">
          <reporter-output>
          </reporter-output>
        </test-method> <!-- setup -->
        <test-method signature="runAllTestSenarios(java.lang.String, java.lang.String)[pri:0, instance:com.hrmanangement.testcases.AllScenarioRunTest@2177849e]" started-at="2022-11-07T19:29:16 IST" name="runAllTestSenarios" data-provider="credentials" finished-at="2022-11-07T19:31:05 IST" duration-ms="108794" status="PASS">
          <params>
            <param index="0">
              <value>
                <![CDATA[admin]]>
              </value>
            </param>
            <param index="1">
              <value>
                <![CDATA[manager]]>
              </value>
            </param>
          </params>
          <reporter-output>
          </reporter-output>
        </test-method> <!-- runAllTestSenarios -->
        <test-method is-config="true" signature="tearDown()[pri:0, instance:com.hrmanangement.testcases.AllScenarioRunTest@2177849e]" started-at="2022-11-07T19:31:05 IST" name="tearDown" finished-at="2022-11-07T19:31:05 IST" duration-ms="387" status="PASS">
          <reporter-output>
          </reporter-output>
        </test-method> <!-- tearDown -->
        <test-method is-config="true" signature="afterSuite()[pri:0, instance:com.hrmanangement.testcases.AllScenarioRunTest@2177849e]" started-at="2022-11-07T19:31:06 IST" name="afterSuite" finished-at="2022-11-07T19:31:06 IST" duration-ms="8" status="PASS">
          <reporter-output>
          </reporter-output>
        </test-method> <!-- afterSuite -->
      </class> <!-- com.hrmanangement.testcases.AllScenarioRunTest -->
    </test> <!-- Default test -->
  </suite> <!-- Default suite -->
</testng-results>
